16-05-2023 23:10:49.049 INFO: Incoming request | #1 | resource: /todo | HTTP Verb POST | request #1 
16-05-2023 23:10:55.055 INFO: Incoming request | #2 | resource: /todo | HTTP Verb POST | request #2 
16-05-2023 23:41:40.040 INFO: Incoming request | #1 | resource: /todo | HTTP Verb POST | request #1 
16-05-2023 23:41:43.043 INFO: Incoming request | #2 | resource: /todo | HTTP Verb POST | request #2 
10-01-2024 19:54:04.004 INFO: Incoming request | #1 | resource: /todo/size | HTTP Verb GET | request #1 
26-01-2024 17:11:10.010 INFO: Incoming request | #1 | resource: /todo | HTTP Verb POST | request #1 
26-01-2024 17:11:19.019 INFO: Incoming request | #2 | resource: /todo | HTTP Verb POST | request #2 
26-01-2024 17:12:04.004 INFO: Incoming request | #3 | resource: /todo/size | HTTP Verb GET | request #3 
26-01-2024 17:12:09.009 INFO: Incoming request | #4 | resource: /todo/content | HTTP Verb GET | request #4 
26-01-2024 17:12:36.036 INFO: Incoming request | #5 | resource: /todo | HTTP Verb PUT | request #5 
26-01-2024 17:13:12.012 INFO: Incoming request | #6 | resource: /logs/level | HTTP Verb PUT | request #6 
26-01-2024 17:13:24.024 INFO: Incoming request | #7 | resource: /todo | HTTP Verb POST | request #7 
26-01-2024 17:13:28.028 INFO: Incoming request | #8 | resource: /todo/size | HTTP Verb GET | request #8 
26-01-2024 17:13:32.032 INFO: Incoming request | #9 | resource: /todo | HTTP Verb DELETE | request #9 
26-01-2024 17:13:59.059 INFO: Incoming request | #10 | resource: /todo | HTTP Verb PUT | request #10 
26-01-2024 17:14:04.004 INFO: Incoming request | #11 | resource: /todo/content | HTTP Verb GET | request #11 
26-01-2024 17:16:00.000 INFO: Incoming request | #12 | resource: /todo/size | HTTP Verb GET | request #12 
26-01-2024 17:16:18.018 INFO: Incoming request | #13 | resource: /todo | HTTP Verb PUT | request #13 
26-01-2024 17:16:30.030 INFO: Incoming request | #14 | resource: /todo | HTTP Verb PUT | request #14 
29-01-2024 19:36:21.021 INFO: Incoming request | #1 | resource: /todo | HTTP Verb POST | request #1 
29-01-2024 19:36:32.032 INFO: Incoming request | #2 | resource: /todo/size | HTTP Verb GET | request #2 
29-01-2024 19:36:58.058 INFO: Incoming request | #1 | resource: /todo/size | HTTP Verb GET | request #1 
29-01-2024 19:37:23.023 INFO: Incoming request | #2 | resource: /todo | HTTP Verb POST | request #2 
29-01-2024 19:37:26.026 INFO: Incoming request | #3 | resource: /todo/size | HTTP Verb GET | request #3 
29-01-2024 19:37:43.043 INFO: Incoming request | #1 | resource: /todo/size | HTTP Verb GET | request #1 
29-01-2024 19:42:47.047 INFO: Incoming request | #1 | resource: /todo/size | HTTP Verb GET | request #1 
29-01-2024 21:31:31.031 INFO: Incoming request | #1 | resource: /todo | HTTP Verb POST | request #1 
29-01-2024 21:32:23.023 INFO: Incoming request | #1 | resource: /todo | HTTP Verb POST | request #1 
29-01-2024 21:32:32.032 INFO: Incoming request | #2 | resource: /todo/size | HTTP Verb GET | request #2 
29-01-2024 21:35:13.013 INFO: Incoming request | #1 | resource: /todo/size | HTTP Verb GET | request #1 
29-01-2024 21:35:15.015 INFO: Incoming request | #2 | resource: /todo/size | HTTP Verb GET | request #2 
29-01-2024 21:35:41.041 INFO: Incoming request | #1 | resource: /todo/size | HTTP Verb GET | request #1 
03-02-2024 13:47:48.048 INFO: Incoming request | #1 | resource: /todo/size | HTTP Verb GET | request #1 
03-02-2024 14:02:37.037 INFO: Incoming request | #1 | resource: /todo/size | HTTP Verb GET | request #1 
03-02-2024 14:03:06.006 INFO: Incoming request | #2 | resource: /todo | HTTP Verb DELETE | request #2 
03-02-2024 14:03:24.024 INFO: Incoming request | #3 | resource: /todo/size | HTTP Verb GET | request #3 
03-02-2024 14:07:00.000 INFO: Incoming request | #1 | resource: /todo/size | HTTP Verb GET | request #1 
03-02-2024 14:07:05.005 INFO: Incoming request | #2 | resource: /todo | HTTP Verb POST | request #2 
03-02-2024 14:45:03.003 INFO: Incoming request | #1 | resource: /todo/size | HTTP Verb GET | request #1 
03-02-2024 14:45:57.057 INFO: Incoming request | #2 | resource: /todo | HTTP Verb POST | request #2 
03-02-2024 15:21:27.027 INFO: Incoming request | #1 | resource: /todo/size | HTTP Verb GET | request #1 
03-02-2024 15:21:32.032 INFO: Incoming request | #2 | resource: /todo | HTTP Verb POST | request #2 
13-02-2024 16:00:59.059 INFO: Incoming request | #1 | resource: /todo/size | HTTP Verb GET | request #1 
13-02-2024 16:15:15.015 INFO: Incoming request | #1 | resource: /todo | HTTP Verb POST | request #1 
13-02-2024 16:15:46.046 INFO: Incoming request | #2 | resource: /todo | HTTP Verb DELETE | request #2 
13-02-2024 16:15:57.057 INFO: Incoming request | #3 | resource: /todo | HTTP Verb POST | request #3 
13-02-2024 16:16:02.002 INFO: Incoming request | #4 | resource: /todo/size | HTTP Verb GET | request #4 
13-02-2024 16:16:06.006 INFO: Incoming request | #5 | resource: /todo/content | HTTP Verb GET | request #5 
13-02-2024 16:16:21.021 INFO: Incoming request | #6 | resource: /todo/content | HTTP Verb GET | request #6 
13-02-2024 16:16:41.041 INFO: Incoming request | #7 | resource: /todo | HTTP Verb PUT | request #7 
13-02-2024 16:16:50.050 INFO: Incoming request | #8 | resource: /todo/size | HTTP Verb GET | request #8 
13-02-2024 16:19:29.029 INFO: Incoming request | #1 | resource: /todo | HTTP Verb PUT | request #1 
13-02-2024 16:20:31.031 INFO: Incoming request | #2 | resource: /todo | HTTP Verb PUT | request #2 
13-02-2024 16:22:11.011 INFO: Incoming request | #1 | resource: /todo | HTTP Verb POST | request #1 
13-02-2024 16:22:31.031 INFO: Incoming request | #2 | resource: /todo | HTTP Verb DELETE | request #2 
13-02-2024 16:22:44.044 INFO: Incoming request | #3 | resource: /todo | HTTP Verb PUT | request #3 
13-02-2024 16:23:23.023 INFO: Incoming request | #4 | resource: /todo | HTTP Verb PUT | request #4 
13-02-2024 16:23:46.046 INFO: Incoming request | #1 | resource: /todo | HTTP Verb PUT | request #1 
13-02-2024 16:24:10.010 INFO: Incoming request | #2 | resource: /todo/size | HTTP Verb GET | request #2 
13-02-2024 16:24:17.017 INFO: Incoming request | #3 | resource: /todo/content | HTTP Verb GET | request #3 
13-02-2024 16:24:34.034 INFO: Incoming request | #4 | resource: /todo/content | HTTP Verb GET | request #4 
13-02-2024 16:34:49.049 INFO: Incoming request | #1 | resource: /todo/size | HTTP Verb GET | request #1 
13-02-2024 16:34:54.054 INFO: Incoming request | #2 | resource: /todo/content | HTTP Verb GET | request #2 
13-02-2024 16:35:21.021 INFO: Incoming request | #3 | resource: /todo/content | HTTP Verb GET | request #3 
13-02-2024 16:35:24.024 INFO: Incoming request | #4 | resource: /todo/content | HTTP Verb GET | request #4 
13-02-2024 16:35:42.042 INFO: Incoming request | #1 | resource: /todo/content | HTTP Verb GET | request #1 
13-02-2024 16:36:02.002 INFO: Incoming request | #2 | resource: /todo | HTTP Verb DELETE | request #2 
13-02-2024 21:27:12.012 INFO: Incoming request | #1 | resource: /todo/size | HTTP Verb GET | request #1 
13-02-2024 21:28:01.001 INFO: Incoming request | #2 | resource: /todo/size | HTTP Verb GET | request #2 
13-02-2024 21:28:20.020 INFO: Incoming request | #3 | resource: /todo | HTTP Verb POST | request #3 
13-02-2024 21:30:11.011 INFO: Incoming request | #4 | resource: /todo/content | HTTP Verb GET | request #4 
13-02-2024 21:30:23.023 INFO: Incoming request | #5 | resource: /todo/content | HTTP Verb GET | request #5 
13-02-2024 21:30:52.052 INFO: Incoming request | #6 | resource: /todo/content | HTTP Verb GET | request #6 
13-02-2024 21:31:00.000 INFO: Incoming request | #7 | resource: /todo/content | HTTP Verb GET | request #7 
13-02-2024 21:34:00.000 INFO: Incoming request | #1 | resource: /todo/content | HTTP Verb GET | request #1 
13-02-2024 21:34:11.011 INFO: Incoming request | #2 | resource: /todo | HTTP Verb PUT | request #2 
13-02-2024 21:34:20.020 INFO: Incoming request | #3 | resource: /todo/content | HTTP Verb GET | request #3 
13-02-2024 21:36:58.058 INFO: Incoming request | #1 | resource: /todo | HTTP Verb PUT | request #1 
13-02-2024 21:37:07.007 INFO: Incoming request | #2 | resource: /todo/content | HTTP Verb GET | request #2 
13-02-2024 21:37:33.033 INFO: Incoming request | #3 | resource: /todo/size | HTTP Verb GET | request #3 
13-02-2024 21:37:54.054 INFO: Incoming request | #4 | resource: /todo/content | HTTP Verb GET | request #4 
13-02-2024 21:38:04.004 INFO: Incoming request | #5 | resource: /todo/content | HTTP Verb GET | request #5 
13-02-2024 21:38:10.010 INFO: Incoming request | #6 | resource: /todo | HTTP Verb DELETE | request #6 
13-02-2024 21:38:16.016 INFO: Incoming request | #7 | resource: /todo/size | HTTP Verb GET | request #7 
13-02-2024 21:38:20.020 INFO: Incoming request | #8 | resource: /todo/content | HTTP Verb GET | request #8 
13-02-2024 21:38:26.026 INFO: Incoming request | #9 | resource: /todo/content | HTTP Verb GET | request #9 
13-02-2024 21:48:35.035 INFO: Incoming request | #10 | resource: /todo/content | HTTP Verb GET | request #10 
13-02-2024 21:50:45.045 INFO: Incoming request | #1 | resource: /todo | HTTP Verb POST | request #1 
13-02-2024 21:51:02.002 INFO: Incoming request | #2 | resource: /todo/size | HTTP Verb GET | request #2 
13-02-2024 21:51:06.006 INFO: Incoming request | #3 | resource: /todo/content | HTTP Verb GET | request #3 
13-02-2024 21:51:21.021 INFO: Incoming request | #4 | resource: /todo | HTTP Verb DELETE | request #4 
13-02-2024 21:51:26.026 INFO: Incoming request | #5 | resource: /todo/size | HTTP Verb GET | request #5 
13-02-2024 21:51:28.028 INFO: Incoming request | #6 | resource: /todo/content | HTTP Verb GET | request #6 
13-02-2024 21:52:50.050 INFO: Incoming request | #7 | resource: /todo | HTTP Verb DELETE | request #7 
13-02-2024 21:53:06.006 INFO: Incoming request | #8 | resource: /todo/size | HTTP Verb GET | request #8 
13-02-2024 21:53:08.008 INFO: Incoming request | #9 | resource: /todo/content | HTTP Verb GET | request #9 
13-02-2024 21:54:22.022 INFO: Incoming request | #1 | resource: /todo | HTTP Verb POST | request #1 
13-02-2024 21:54:30.030 INFO: Incoming request | #2 | resource: /todo | HTTP Verb DELETE | request #2 
13-02-2024 21:55:00.000 INFO: Incoming request | #1 | resource: /todo/size | HTTP Verb GET | request #1 
13-02-2024 21:55:04.004 INFO: Incoming request | #2 | resource: /todo/content | HTTP Verb GET | request #2 
13-02-2024 21:59:07.007 INFO: Incoming request | #3 | resource: /todo/size | HTTP Verb GET | request #3 
13-02-2024 21:59:12.012 INFO: Incoming request | #4 | resource: /todo/size | HTTP Verb GET | request #4 
13-02-2024 21:59:15.015 INFO: Incoming request | #5 | resource: /todo | HTTP Verb POST | request #5 
13-02-2024 21:59:22.022 INFO: Incoming request | #6 | resource: /todo/size | HTTP Verb GET | request #6 
13-02-2024 21:59:27.027 INFO: Incoming request | #7 | resource: /todo/size | HTTP Verb GET | request #7 
13-02-2024 21:59:30.030 INFO: Incoming request | #8 | resource: /todo/size | HTTP Verb GET | request #8 
13-02-2024 21:59:36.036 INFO: Incoming request | #9 | resource: /todo | HTTP Verb PUT | request #9 
13-02-2024 21:59:39.039 INFO: Incoming request | #10 | resource: /todo/size | HTTP Verb GET | request #10 
13-02-2024 21:59:45.045 INFO: Incoming request | #11 | resource: /todo/size | HTTP Verb GET | request #11 
13-02-2024 21:59:58.058 INFO: Incoming request | #12 | resource: /todo | HTTP Verb POST | request #12 
13-02-2024 22:00:04.004 INFO: Incoming request | #13 | resource: /todo/content | HTTP Verb GET | request #13 
13-02-2024 22:00:22.022 INFO: Incoming request | #14 | resource: /todo/content | HTTP Verb GET | request #14 
13-02-2024 22:00:29.029 INFO: Incoming request | #15 | resource: /todo | HTTP Verb DELETE | request #15 
13-02-2024 22:00:34.034 INFO: Incoming request | #16 | resource: /todo/size | HTTP Verb GET | request #16 
13-02-2024 22:00:46.046 INFO: Incoming request | #17 | resource: /todo/size | HTTP Verb GET | request #17 
13-02-2024 22:02:11.011 INFO: Incoming request | #18 | resource: /todo/size | HTTP Verb GET | request #18 
13-02-2024 22:02:14.014 INFO: Incoming request | #19 | resource: /todo/content | HTTP Verb GET | request #19 
13-02-2024 22:02:32.032 INFO: Incoming request | #20 | resource: /todo | HTTP Verb PUT | request #20 
13-02-2024 22:02:39.039 INFO: Incoming request | #21 | resource: /todo/content | HTTP Verb GET | request #21 
16-02-2024 21:40:03.003 INFO: Incoming request | #22 | resource: /todo/size | HTTP Verb GET | request #22 
16-02-2024 22:50:46.046 INFO: Incoming request | #23 | resource: /todo/size | HTTP Verb GET | request #23 
16-02-2024 22:51:38.038 INFO: Incoming request | #24 | resource: /todo/size | HTTP Verb GET | request #24 
